{"C:\\Users\\misha\\Desktop\\HW-4\\date.js": {"path":"C:\\Users\\misha\\Desktop\\HW-4\\date.js","statementMap":{"0":{"start":{"line":1,"column":17},"end":{"line":1,"column":54}},"1":{"start":{"line":4,"column":4},"end":{"line":4,"column":47}},"2":{"start":{"line":9,"column":0},"end":{"line":9,"column":22}}},"fnMap":{"0":{"name":"date","decl":{"start":{"line":3,"column":9},"end":{"line":3,"column":13}},"loc":{"start":{"line":3,"column":21},"end":{"line":5,"column":1}},"line":3}},"branchMap":{"0":{"loc":{"start":{"line":4,"column":11},"end":{"line":4,"column":46}},"type":"cond-expr","locations":[{"start":{"line":4,"column":34},"end":{"line":4,"column":38}},{"start":{"line":4,"column":41},"end":{"line":4,"column":46}}],"line":4}},"s":{"0":1,"1":2,"2":1},"f":{"0":2},"b":{"0":[1,1]},"_coverageSchema":"1a1c01bbd47fc00a2c39e90264f33305004495a9","hash":"8737cfd1a923e870a5785b7c1aee198426d69adc"}
}
